<?xml version="1.0" encoding="UTF-8"?>
<!-- Generated by org.testng.reporters.JUnitXMLReporter -->
<testsuite ignored="0" hostname="DESKTOP-0CPI2F2" failures="0" tests="5" name="Ecommerce app test" time="163.444" errors="0" timestamp="2022-07-07T21:35:16 YEKT">
  <testcase classname="ecommerceApp.Ecommerce_tc_1" name="landingPageBaseValidation" time="28.029"/>
  <testcase classname="ecommerceApp.Ecommerce_tc_2" name="landingPageToastValidation" time="27.06"/>
  <testcase classname="ecommerceApp.Ecommerce_tc_3" name="addToCartValidation" time="40.976"/>
  <testcase classname="ecommerceApp.Ecommerce_tc_4" name="checkoutPageValidation" time="33.373"/>
  <testcase classname="ecommerceApp.Ecommerce_tc_5" name="checkoutPageSumValidation" time="34.0"/>
</testsuite> <!-- Ecommerce app test -->
