<?xml version="1.0" encoding="UTF-8"?>
<testng-results ignored="0" total="12" passed="11" failed="1" skipped="0">
  <reporter-output>
  </reporter-output>
  <suite started-at="2022-07-07T21:29:36 YEKT" name="Suite" finished-at="2022-07-07T21:35:16 YEKT" duration-ms="340194">
    <groups>
      <group name="Regression">
        <method signature="ApiDemo_tc_6.dateWidgetsPageSwipingValidation()[pri:0, instance:apiDemoApp.ApiDemo_tc_6@30272916]" name="dateWidgetsPageSwipingValidation" class="apiDemoApp.ApiDemo_tc_6"/>
        <method signature="Ecommerce_tc_3.addToCartValidation(java.lang.String)[pri:0, instance:ecommerceApp.Ecommerce_tc_3@64711bf2]" name="addToCartValidation" class="ecommerceApp.Ecommerce_tc_3"/>
        <method signature="Ecommerce_tc_4.checkoutPageValidation(java.lang.String)[pri:0, instance:ecommerceApp.Ecommerce_tc_4@169da7f2]" name="checkoutPageValidation" class="ecommerceApp.Ecommerce_tc_4"/>
        <method signature="Ecommerce_tc_5.checkoutPageSumValidation(java.lang.String)[pri:0, instance:ecommerceApp.Ecommerce_tc_5@3c1e23ff]" name="checkoutPageSumValidation" class="ecommerceApp.Ecommerce_tc_5"/>
      </group> <!-- Regression -->
      <group name="Smoke">
        <method signature="ApiDemo_tc_1.dependenciesPageValidation(java.lang.String)[pri:0, instance:apiDemoApp.ApiDemo_tc_1@38d5b107]" name="dependenciesPageValidation" class="apiDemoApp.ApiDemo_tc_1"/>
        <method signature="ApiDemo_tc_2.dependenciesPageInputValidation()[pri:0, instance:apiDemoApp.ApiDemo_tc_2@5710768a]" name="dependenciesPageInputValidation" class="apiDemoApp.ApiDemo_tc_2"/>
        <method signature="ApiDemo_tc_3.dragAndDropPageValidation()[pri:0, instance:apiDemoApp.ApiDemo_tc_3@199e4c2b]" name="dragAndDropPageValidation" class="apiDemoApp.ApiDemo_tc_3"/>
        <method signature="ApiDemo_tc_4.expandableListsPageValidation()[pri:0, instance:apiDemoApp.ApiDemo_tc_4@6e0d4a8]" name="expandableListsPageValidation" class="apiDemoApp.ApiDemo_tc_4"/>
        <method signature="ApiDemo_tc_5.landingPageScrollValidation()[pri:0, instance:apiDemoApp.ApiDemo_tc_5@64d7b720]" name="landingPageScrollValidation" class="apiDemoApp.ApiDemo_tc_5"/>
        <method signature="Ecommerce_tc_1.landingPageBaseValidation(java.lang.String)[pri:0, instance:ecommerceApp.Ecommerce_tc_1@1b1637e1]" name="landingPageBaseValidation" class="ecommerceApp.Ecommerce_tc_1"/>
        <method signature="Ecommerce_tc_2.landingPageToastValidation(java.lang.String)[pri:0, instance:ecommerceApp.Ecommerce_tc_2@18151a14]" name="landingPageToastValidation" class="ecommerceApp.Ecommerce_tc_2"/>
      </group> <!-- Smoke -->
    </groups>
    <test started-at="2022-07-07T21:29:36 YEKT" name="ApiDemo app test" finished-at="2022-07-07T21:32:26 YEKT" duration-ms="170497">
      <class name="apiDemoApp.ApiDemo_tc_1">
        <test-method signature="dependenciesPageValidation(java.lang.String)[pri:0, instance:apiDemoApp.ApiDemo_tc_1@38d5b107]" started-at="2022-07-07T21:29:36 YEKT" name="dependenciesPageValidation" data-provider="ApiDemoTest_InputData1" finished-at="2022-07-07T21:30:02 YEKT" duration-ms="26754" status="PASS">
          <params>
            <param index="0">
              <value>
                <![CDATA[testdata1]]>
              </value>
            </param>
          </params>
          <reporter-output>
          </reporter-output>
        </test-method> <!-- dependenciesPageValidation -->
        <test-method signature="dependenciesPageValidation(java.lang.String)[pri:0, instance:apiDemoApp.ApiDemo_tc_1@38d5b107]" started-at="2022-07-07T21:30:02 YEKT" name="dependenciesPageValidation" data-provider="ApiDemoTest_InputData1" finished-at="2022-07-07T21:30:24 YEKT" duration-ms="21644" status="PASS">
          <params>
            <param index="0">
              <value>
                <![CDATA[testdata2]]>
              </value>
            </param>
          </params>
          <reporter-output>
          </reporter-output>
        </test-method> <!-- dependenciesPageValidation -->
      </class> <!-- apiDemoApp.ApiDemo_tc_1 -->
      <class name="apiDemoApp.ApiDemo_tc_3">
        <test-method signature="dragAndDropPageValidation()[pri:0, instance:apiDemoApp.ApiDemo_tc_3@199e4c2b]" started-at="2022-07-07T21:30:46 YEKT" name="dragAndDropPageValidation" finished-at="2022-07-07T21:31:13 YEKT" duration-ms="27399" status="PASS">
          <reporter-output>
          </reporter-output>
        </test-method> <!-- dragAndDropPageValidation -->
      </class> <!-- apiDemoApp.ApiDemo_tc_3 -->
      <class name="apiDemoApp.ApiDemo_tc_2">
        <test-method signature="dependenciesPageInputValidation()[pri:0, instance:apiDemoApp.ApiDemo_tc_2@5710768a]" started-at="2022-07-07T21:30:24 YEKT" name="dependenciesPageInputValidation" finished-at="2022-07-07T21:30:46 YEKT" duration-ms="21596" status="PASS">
          <reporter-output>
          </reporter-output>
        </test-method> <!-- dependenciesPageInputValidation -->
      </class> <!-- apiDemoApp.ApiDemo_tc_2 -->
      <class name="apiDemoApp.ApiDemo_tc_5">
        <test-method signature="landingPageScrollValidation()[pri:0, instance:apiDemoApp.ApiDemo_tc_5@64d7b720]" started-at="2022-07-07T21:31:37 YEKT" name="landingPageScrollValidation" finished-at="2022-07-07T21:31:56 YEKT" duration-ms="18849" status="FAIL">
          <exception class="org.openqa.selenium.InvalidSelectorException">
            <message>
              <![CDATA[Could not parse selector expression `new UiScrollable(new UiSelector()).scrollIntoView(text('WebView'))`: `UiScrollable` doesn't have suitable method `scrollIntoView` with arguments [text('WebView')]: Could not parse selector expression `new UiSelector().text('WebView')`: `UiSelector` doesn't have suitable method `text` with arguments ['WebView']: Could not parse selector expression `new UiSelector().text('WebView')`: 'WebView' is not a string
For documentation on this error, please visit: https://www.seleniumhq.org/exceptions/invalid_selector_exception.html
Build info: version: '3.141.59', revision: 'e82be7d358', time: '2018-11-14T08:17:03'
System info: host: 'DESKTOP-0CPI2F2', ip: '10.6.18.62', os.name: 'Windows 10', os.arch: 'amd64', os.version: '10.0', java.version: '17.0.2'
Driver info: io.appium.java_client.android.AndroidDriver
Capabilities {app: D:\QA_projects\AppiumLearni..., appPackage: io.appium.android.apis, automationName: uiautomator2, chromeOptions: {w3c: false}, databaseEnabled: false, desired: {app: D:\QA_projects\AppiumLearni..., automationName: uiautomator2, chromeOptions: {w3c: false}, deviceName: emulator-5554, goog:chromeOptions: {w3c: false}, newCommandTimeout: 14, platformName: android}, deviceApiLevel: 30, deviceManufacturer: Google, deviceModel: sdk_gphone_x86, deviceName: emulator-5554, deviceScreenDensity: 560, deviceScreenSize: 1440x2880, deviceUDID: emulator-5554, goog:chromeOptions: {w3c: false}, javascriptEnabled: true, locationContextEnabled: false, networkConnectionEnabled: true, newCommandTimeout: 14, pixelRatio: 3.5, platform: LINUX, platformName: Android, platformVersion: 11, statBarHeight: 84, takesScreenshot: true, viewportRect: {height: 2628, left: 0, top: 84, width: 1440}, warnings: {}, webStorageEnabled: false}
Session ID: dfc64983-b67f-4f39-b85d-a58573066026
*** Element info: {Using=-android uiautomator, value=new UiScrollable(new UiSelector()).scrollIntoView(text('WebView'));}]]>
            </message>
            <full-stacktrace>
              <![CDATA[org.openqa.selenium.InvalidSelectorException: Could not parse selector expression `new UiScrollable(new UiSelector()).scrollIntoView(text('WebView'))`: `UiScrollable` doesn't have suitable method `scrollIntoView` with arguments [text('WebView')]: Could not parse selector expression `new UiSelector().text('WebView')`: `UiSelector` doesn't have suitable method `text` with arguments ['WebView']: Could not parse selector expression `new UiSelector().text('WebView')`: 'WebView' is not a string
For documentation on this error, please visit: https://www.seleniumhq.org/exceptions/invalid_selector_exception.html
Build info: version: '3.141.59', revision: 'e82be7d358', time: '2018-11-14T08:17:03'
System info: host: 'DESKTOP-0CPI2F2', ip: '10.6.18.62', os.name: 'Windows 10', os.arch: 'amd64', os.version: '10.0', java.version: '17.0.2'
Driver info: io.appium.java_client.android.AndroidDriver
Capabilities {app: D:\QA_projects\AppiumLearni..., appPackage: io.appium.android.apis, automationName: uiautomator2, chromeOptions: {w3c: false}, databaseEnabled: false, desired: {app: D:\QA_projects\AppiumLearni..., automationName: uiautomator2, chromeOptions: {w3c: false}, deviceName: emulator-5554, goog:chromeOptions: {w3c: false}, newCommandTimeout: 14, platformName: android}, deviceApiLevel: 30, deviceManufacturer: Google, deviceModel: sdk_gphone_x86, deviceName: emulator-5554, deviceScreenDensity: 560, deviceScreenSize: 1440x2880, deviceUDID: emulator-5554, goog:chromeOptions: {w3c: false}, javascriptEnabled: true, locationContextEnabled: false, networkConnectionEnabled: true, newCommandTimeout: 14, pixelRatio: 3.5, platform: LINUX, platformName: Android, platformVersion: 11, statBarHeight: 84, takesScreenshot: true, viewportRect: {height: 2628, left: 0, top: 84, width: 1440}, warnings: {}, webStorageEnabled: false}
Session ID: dfc64983-b67f-4f39-b85d-a58573066026
*** Element info: {Using=-android uiautomator, value=new UiScrollable(new UiSelector()).scrollIntoView(text('WebView'));}
at java.base/jdk.internal.reflect.NativeConstructorAccessorImpl.newInstance0(Native Method)
at java.base/jdk.internal.reflect.NativeConstructorAccessorImpl.newInstance(NativeConstructorAccessorImpl.java:77)
at java.base/jdk.internal.reflect.DelegatingConstructorAccessorImpl.newInstance(DelegatingConstructorAccessorImpl.java:45)
at java.base/java.lang.reflect.Constructor.newInstanceWithCaller(Constructor.java:499)
at java.base/java.lang.reflect.Constructor.newInstance(Constructor.java:480)
at org.openqa.selenium.remote.http.W3CHttpResponseCodec.createException(W3CHttpResponseCodec.java:187)
at org.openqa.selenium.remote.http.W3CHttpResponseCodec.decode(W3CHttpResponseCodec.java:122)
at org.openqa.selenium.remote.http.W3CHttpResponseCodec.decode(W3CHttpResponseCodec.java:49)
at org.openqa.selenium.remote.HttpCommandExecutor.execute(HttpCommandExecutor.java:158)
at io.appium.java_client.remote.AppiumCommandExecutor.execute(AppiumCommandExecutor.java:250)
at org.openqa.selenium.remote.RemoteWebDriver.execute(RemoteWebDriver.java:552)
at io.appium.java_client.DefaultGenericMobileDriver.execute(DefaultGenericMobileDriver.java:41)
at io.appium.java_client.AppiumDriver.execute(AppiumDriver.java:1)
at io.appium.java_client.android.AndroidDriver.execute(AndroidDriver.java:1)
at org.openqa.selenium.remote.RemoteWebDriver.findElements(RemoteWebDriver.java:353)
at io.appium.java_client.DefaultGenericMobileDriver.findElements(DefaultGenericMobileDriver.java:53)
at io.appium.java_client.AppiumDriver.findElements(AppiumDriver.java:179)
at io.appium.java_client.FindsByAndroidUIAutomator.findElementsByAndroidUIAutomator(FindsByAndroidUIAutomator.java:51)
at apiDemoApp.ApiDemo_tc_5.landingPageScrollValidation(ApiDemo_tc_5.java:27)
at java.base/jdk.internal.reflect.NativeMethodAccessorImpl.invoke0(Native Method)
at java.base/jdk.internal.reflect.NativeMethodAccessorImpl.invoke(NativeMethodAccessorImpl.java:77)
at java.base/jdk.internal.reflect.DelegatingMethodAccessorImpl.invoke(DelegatingMethodAccessorImpl.java:43)
at java.base/java.lang.reflect.Method.invoke(Method.java:568)
at org.testng.internal.invokers.MethodInvocationHelper.invokeMethod(MethodInvocationHelper.java:135)
at org.testng.internal.invokers.TestInvoker.invokeMethod(TestInvoker.java:673)
at org.testng.internal.invokers.TestInvoker.invokeTestMethod(TestInvoker.java:220)
at org.testng.internal.invokers.MethodRunner.runInSequence(MethodRunner.java:50)
at org.testng.internal.invokers.TestInvoker$MethodInvocationAgent.invoke(TestInvoker.java:945)
at org.testng.internal.invokers.TestInvoker.invokeTestMethods(TestInvoker.java:193)
at org.testng.internal.invokers.TestMethodWorker.invokeTestMethods(TestMethodWorker.java:146)
at org.testng.internal.invokers.TestMethodWorker.run(TestMethodWorker.java:128)
at java.base/java.util.ArrayList.forEach(ArrayList.java:1511)
at org.testng.TestRunner.privateRun(TestRunner.java:808)
at org.testng.TestRunner.run(TestRunner.java:603)
at org.testng.SuiteRunner.runTest(SuiteRunner.java:429)
at org.testng.SuiteRunner.runSequentially(SuiteRunner.java:423)
at org.testng.SuiteRunner.privateRun(SuiteRunner.java:383)
at org.testng.SuiteRunner.run(SuiteRunner.java:326)
at org.testng.SuiteRunnerWorker.runSuite(SuiteRunnerWorker.java:52)
at org.testng.SuiteRunnerWorker.run(SuiteRunnerWorker.java:95)
at org.testng.TestNG.runSuitesSequentially(TestNG.java:1249)
at org.testng.TestNG.runSuitesLocally(TestNG.java:1169)
at org.testng.TestNG.runSuites(TestNG.java:1092)
at org.testng.TestNG.run(TestNG.java:1060)
at org.testng.remote.AbstractRemoteTestNG.run(AbstractRemoteTestNG.java:115)
at org.testng.remote.RemoteTestNG.initAndRun(RemoteTestNG.java:251)
at org.testng.remote.RemoteTestNG.main(RemoteTestNG.java:77)
]]>
            </full-stacktrace>
          </exception> <!-- org.openqa.selenium.InvalidSelectorException -->
          <reporter-output>
          </reporter-output>
        </test-method> <!-- landingPageScrollValidation -->
      </class> <!-- apiDemoApp.ApiDemo_tc_5 -->
      <class name="apiDemoApp.ApiDemo_tc_4">
        <test-method signature="expandableListsPageValidation()[pri:0, instance:apiDemoApp.ApiDemo_tc_4@6e0d4a8]" started-at="2022-07-07T21:31:13 YEKT" name="expandableListsPageValidation" finished-at="2022-07-07T21:31:37 YEKT" duration-ms="24269" status="PASS">
          <reporter-output>
          </reporter-output>
        </test-method> <!-- expandableListsPageValidation -->
      </class> <!-- apiDemoApp.ApiDemo_tc_4 -->
      <class name="apiDemoApp.ApiDemo_tc_6">
        <test-method signature="dateWidgetsPageSwipingValidation()[pri:0, instance:apiDemoApp.ApiDemo_tc_6@30272916]" started-at="2022-07-07T21:31:57 YEKT" name="dateWidgetsPageSwipingValidation" finished-at="2022-07-07T21:32:26 YEKT" duration-ms="29509" status="PASS">
          <reporter-output>
          </reporter-output>
        </test-method> <!-- dateWidgetsPageSwipingValidation -->
      </class> <!-- apiDemoApp.ApiDemo_tc_6 -->
    </test> <!-- ApiDemo app test -->
    <test started-at="2022-07-07T21:32:32 YEKT" name="Ecommerce app test" finished-at="2022-07-07T21:35:16 YEKT" duration-ms="163444">
      <class name="ecommerceApp.Ecommerce_tc_4">
        <test-method signature="checkoutPageValidation(java.lang.String)[pri:0, instance:ecommerceApp.Ecommerce_tc_4@169da7f2]" started-at="2022-07-07T21:34:08 YEKT" name="checkoutPageValidation" data-provider="Ecommerce_InputData1" finished-at="2022-07-07T21:34:42 YEKT" duration-ms="33373" status="PASS">
          <params>
            <param index="0">
              <value>
                <![CDATA[Sam]]>
              </value>
            </param>
          </params>
          <reporter-output>
          </reporter-output>
        </test-method> <!-- checkoutPageValidation -->
      </class> <!-- ecommerceApp.Ecommerce_tc_4 -->
      <class name="ecommerceApp.Ecommerce_tc_5">
        <test-method signature="checkoutPageSumValidation(java.lang.String)[pri:0, instance:ecommerceApp.Ecommerce_tc_5@3c1e23ff]" started-at="2022-07-07T21:34:42 YEKT" name="checkoutPageSumValidation" data-provider="Ecommerce_InputData1" finished-at="2022-07-07T21:35:16 YEKT" duration-ms="34000" status="PASS">
          <params>
            <param index="0">
              <value>
                <![CDATA[Sam]]>
              </value>
            </param>
          </params>
          <reporter-output>
          </reporter-output>
        </test-method> <!-- checkoutPageSumValidation -->
      </class> <!-- ecommerceApp.Ecommerce_tc_5 -->
      <class name="ecommerceApp.Ecommerce_tc_1">
        <test-method signature="landingPageBaseValidation(java.lang.String)[pri:0, instance:ecommerceApp.Ecommerce_tc_1@1b1637e1]" started-at="2022-07-07T21:32:32 YEKT" name="landingPageBaseValidation" data-provider="Ecommerce_InputData1" finished-at="2022-07-07T21:33:00 YEKT" duration-ms="28029" status="PASS">
          <params>
            <param index="0">
              <value>
                <![CDATA[Sam]]>
              </value>
            </param>
          </params>
          <reporter-output>
          </reporter-output>
        </test-method> <!-- landingPageBaseValidation -->
      </class> <!-- ecommerceApp.Ecommerce_tc_1 -->
      <class name="ecommerceApp.Ecommerce_tc_2">
        <test-method signature="landingPageToastValidation(java.lang.String)[pri:0, instance:ecommerceApp.Ecommerce_tc_2@18151a14]" started-at="2022-07-07T21:33:00 YEKT" name="landingPageToastValidation" data-provider="Ecommerce_InputData1" finished-at="2022-07-07T21:33:27 YEKT" duration-ms="27060" status="PASS">
          <params>
            <param index="0">
              <value>
                <![CDATA[Sam]]>
              </value>
            </param>
          </params>
          <reporter-output>
          </reporter-output>
        </test-method> <!-- landingPageToastValidation -->
      </class> <!-- ecommerceApp.Ecommerce_tc_2 -->
      <class name="ecommerceApp.Ecommerce_tc_3">
        <test-method signature="addToCartValidation(java.lang.String)[pri:0, instance:ecommerceApp.Ecommerce_tc_3@64711bf2]" started-at="2022-07-07T21:33:27 YEKT" name="addToCartValidation" data-provider="Ecommerce_InputData1" finished-at="2022-07-07T21:34:08 YEKT" duration-ms="40976" status="PASS">
          <params>
            <param index="0">
              <value>
                <![CDATA[Sam]]>
              </value>
            </param>
          </params>
          <reporter-output>
          </reporter-output>
        </test-method> <!-- addToCartValidation -->
      </class> <!-- ecommerceApp.Ecommerce_tc_3 -->
    </test> <!-- Ecommerce app test -->
  </suite> <!-- Suite -->
</testng-results>
