<?xml version="1.0" encoding="UTF-8"?>
<!-- Generated by org.testng.reporters.JUnitXMLReporter -->
<testsuite ignored="0" hostname="DESKTOP-0CPI2F2" failures="1" tests="1" name="Ecommerce Test" time="40.28" errors="0" timestamp="2022-06-01T14:19:29 YEKT">
  <testcase classname="practise.AppiumFramework.Ecommerce_tc_6_Cloud" name="totalValidation" time="36.142">
    <failure type="java.lang.NullPointerException" message="Cannot invoke &amp;quot;io.appium.java_client.service.local.AppiumDriverLocalService.stop()&amp;quot; because &amp;quot;practise.AppiumFramework.Ecommerce_tc_6_Cloud.service&amp;quot; is null">
      <![CDATA[java.lang.NullPointerException: Cannot invoke "io.appium.java_client.service.local.AppiumDriverLocalService.stop()" because "practise.AppiumFramework.Ecommerce_tc_6_Cloud.service" is null
at practise.AppiumFramework.Ecommerce_tc_6_Cloud.totalValidation(Ecommerce_tc_6_Cloud.java:60)
at java.base/java.util.ArrayList.forEach(ArrayList.java:1511)
at java.base/java.util.concurrent.FutureTask.run(FutureTask.java:264)
at java.base/java.util.concurrent.ThreadPoolExecutor.runWorker(ThreadPoolExecutor.java:1136)
at java.base/java.util.concurrent.ThreadPoolExecutor$Worker.run(ThreadPoolExecutor.java:635)
at java.base/java.lang.Thread.run(Thread.java:833)
... Removed 18 stack frames]]>
    </failure>
  </testcase> <!-- totalValidation -->
</testsuite> <!-- Ecommerce Test -->
